Sun Apr 01 20:56:24 GMT+08:00 2018  [debug] AvalonLogSystem initialized using logfile 'D:\linyouwei\java\.metadata\.plugins\com.genuitec.eclipse.templates\velocity.log'
Sun Apr 01 20:56:24 GMT+08:00 2018   [info] ************************************************************** 
Sun Apr 01 20:56:24 GMT+08:00 2018   [info] Starting Jakarta Velocity v1.4
Sun Apr 01 20:56:24 GMT+08:00 2018   [info] RuntimeInstance initializing.
Sun Apr 01 20:56:24 GMT+08:00 2018   [info] Default Properties File: org\apache\velocity\runtime\defaults\velocity.properties
Sun Apr 01 20:56:24 GMT+08:00 2018   [info] Trying to use logger class org.apache.velocity.runtime.log.AvalonLogSystem
Sun Apr 01 20:56:24 GMT+08:00 2018   [info] Using logger class org.apache.velocity.runtime.log.AvalonLogSystem
Sun Apr 01 20:56:24 GMT+08:00 2018   [info] Default ResourceManager initializing. (class org.apache.velocity.runtime.resource.ResourceManagerImpl)
Sun Apr 01 20:56:24 GMT+08:00 2018   [info] Resource Loader Instantiated: com.genuitec.eclipse.templates.internal.PluginResourceLoader
Sun Apr 01 20:56:24 GMT+08:00 2018   [info] ResourceCache : initialized. (class org.apache.velocity.runtime.resource.ResourceCacheImpl)
Sun Apr 01 20:56:24 GMT+08:00 2018   [info] Default ResourceManager initialization complete.
Sun Apr 01 20:56:24 GMT+08:00 2018   [info] Loaded System Directive: org.apache.velocity.runtime.directive.Literal
Sun Apr 01 20:56:24 GMT+08:00 2018   [info] Loaded System Directive: org.apache.velocity.runtime.directive.Macro
Sun Apr 01 20:56:24 GMT+08:00 2018   [info] Loaded System Directive: org.apache.velocity.runtime.directive.Parse
Sun Apr 01 20:56:24 GMT+08:00 2018   [info] Loaded System Directive: org.apache.velocity.runtime.directive.Include
Sun Apr 01 20:56:24 GMT+08:00 2018   [info] Loaded System Directive: org.apache.velocity.runtime.directive.Foreach
Sun Apr 01 20:56:24 GMT+08:00 2018   [info] Created: 20 parsers.
Sun Apr 01 20:56:24 GMT+08:00 2018   [info] Velocimacro : initialization starting.
Sun Apr 01 20:56:24 GMT+08:00 2018   [info] Velocimacro : adding VMs from VM library template : VM_global_library.vm
Sun Apr 01 20:56:24 GMT+08:00 2018   [info] ResourceManager : found VM_global_library.vm with loader com.genuitec.eclipse.templates.internal.PluginResourceLoader
Sun Apr 01 20:56:24 GMT+08:00 2018   [info] Velocimacro :  VM library template macro registration complete.
Sun Apr 01 20:56:24 GMT+08:00 2018   [info] Velocimacro : allowInline = true : VMs can be defined inline in templates
Sun Apr 01 20:56:24 GMT+08:00 2018   [info] Velocimacro : allowInlineToOverride = true : VMs defined inline may replace previous VM definitions
Sun Apr 01 20:56:24 GMT+08:00 2018   [info] Velocimacro : allowInlineLocal = true : VMs defined inline will be local to their defining template only.
Sun Apr 01 20:56:24 GMT+08:00 2018   [info] Velocimacro : messages on  : VM system will output logging messages
Sun Apr 01 20:56:24 GMT+08:00 2018   [info] Velocimacro : autoload off  : VM system will not automatically reload global library macros
Sun Apr 01 20:56:24 GMT+08:00 2018   [info] Velocimacro : initialization complete.
Sun Apr 01 20:56:24 GMT+08:00 2018   [info] Velocity successfully started.
Sun Apr 01 20:56:24 GMT+08:00 2018   [info] ResourceManager : found /templates/velocity/welcome/Jsp.vtl with loader com.genuitec.eclipse.templates.internal.PluginResourceLoader
